<?xml version="1.0" encoding="UTF-8"?>
<testng-results ignored="0" total="1" passed="1" failed="0" skipped="0">
  <reporter-output>
  </reporter-output>
  <suite started-at="2023-05-13T05:32:43Z" name="Default suite" finished-at="2023-05-13T05:32:50Z" duration-ms="6945">
    <groups>
      <group name="cucumber">
        <method signature="AbstractTestNGCucumberTests.runScenario(cucumber.api.testng.PickleEventWrapper, cucumber.api.testng.CucumberFeatureWrapper)[pri:0, instance:runner.TC01_LoginPage@574b560f]" name="runScenario" class="cucumber.api.testng.AbstractTestNGCucumberTests"/>
      </group> <!-- cucumber -->
    </groups>
    <test started-at="2023-05-13T05:32:43Z" name="Default test" finished-at="2023-05-13T05:32:50Z" duration-ms="6945">
      <class name="runner.TC01_LoginPage">
        <test-method is-config="true" signature="startReport()[pri:0, instance:runner.TC01_LoginPage@574b560f]" started-at="2023-05-13T05:32:43Z" name="startReport" finished-at="2023-05-13T05:32:43Z" duration-ms="141" status="PASS">
          <reporter-output>
          </reporter-output>
        </test-method> <!-- startReport -->
        <test-method is-config="true" signature="setData()[pri:0, instance:runner.TC01_LoginPage@574b560f]" started-at="2023-05-13T05:32:43Z" name="setData" finished-at="2023-05-13T05:32:43Z" duration-ms="1" status="PASS">
          <reporter-output>
          </reporter-output>
        </test-method> <!-- setData -->
        <test-method is-config="true" signature="setUpClass()[pri:0, instance:runner.TC01_LoginPage@574b560f]" started-at="2023-05-13T05:32:43Z" name="setUpClass" finished-at="2023-05-13T05:32:43Z" duration-ms="64" status="PASS">
          <reporter-output>
          </reporter-output>
        </test-method> <!-- setUpClass -->
        <test-method is-config="true" signature="report()[pri:0, instance:runner.TC01_LoginPage@574b560f]" started-at="2023-05-13T05:32:43Z" name="report" finished-at="2023-05-13T05:32:43Z" duration-ms="5" status="PASS">
          <reporter-output>
          </reporter-output>
        </test-method> <!-- report -->
        <test-method is-config="true" signature="LaunchApp()[pri:0, instance:runner.TC01_LoginPage@574b560f]" started-at="2023-05-13T05:32:43Z" name="LaunchApp" finished-at="2023-05-13T05:32:49Z" duration-ms="5506" status="PASS">
          <reporter-output>
          </reporter-output>
        </test-method> <!-- LaunchApp -->
        <test-method signature="runScenario(cucumber.api.testng.PickleEventWrapper, cucumber.api.testng.CucumberFeatureWrapper)[pri:0, instance:runner.TC01_LoginPage@574b560f]" started-at="2023-05-13T05:32:49Z" name="runScenario" description="Runs Cucumber Scenarios" data-provider="scenarios" finished-at="2023-05-13T05:32:50Z" duration-ms="1225" status="PASS">
          <params>
            <param index="0">
              <value>
                <![CDATA["TC01 Login Functionality"]]>
              </value>
            </param>
            <param index="1">
              <value>
                <![CDATA["Orange HRM Application Login"]]>
              </value>
            </param>
          </params>
          <reporter-output>
          </reporter-output>
        </test-method> <!-- runScenario -->
        <test-method is-config="true" signature="teardown()[pri:0, instance:runner.TC01_LoginPage@574b560f]" started-at="2023-05-13T05:32:50Z" name="teardown" finished-at="2023-05-13T05:32:50Z" duration-ms="105" status="PASS">
          <reporter-output>
          </reporter-output>
        </test-method> <!-- teardown -->
        <test-method is-config="true" signature="tearDownClass()[pri:0, instance:runner.TC01_LoginPage@574b560f]" started-at="2023-05-13T05:32:50Z" name="tearDownClass" finished-at="2023-05-13T05:32:50Z" duration-ms="4" status="PASS">
          <reporter-output>
          </reporter-output>
        </test-method> <!-- tearDownClass -->
        <test-method is-config="true" signature="stopReport()[pri:0, instance:runner.TC01_LoginPage@574b560f]" started-at="2023-05-13T05:32:50Z" name="stopReport" finished-at="2023-05-13T05:32:50Z" duration-ms="180" status="PASS">
          <reporter-output>
          </reporter-output>
        </test-method> <!-- stopReport -->
      </class> <!-- runner.TC01_LoginPage -->
    </test> <!-- Default test -->
  </suite> <!-- Default suite -->
</testng-results>
